[INFO]: Run Directory: /home/anirudhravi/Elevator_tapeout/openlane/user_proj_pes_elevator/runs/23_11_24_23_50
[INFO]: Saving runtime environment...
[INFO]: Preparing LEF files for the nom corner...
[INFO]: Preparing LEF files for the min corner...
[INFO]: Preparing LEF files for the max corner...
[INFO]: Running linter (Verilator) (log: ../home/anirudhravi/Elevator_tapeout/openlane/user_proj_pes_elevator/runs/23_11_24_23_50/logs/synthesis/linter.log)...
[ERROR]: 2 errors found by linter
[ERROR]: Step 0 (verilator_lint_check) failed with error:
-code 1 -level 0 -errorcode NONE -errorinfo {
    while executing
"throw_error"
    (procedure "run_verilator" line 60)
    invoked from within
"run_verilator"
    (procedure "run_verilator_step" line 3)
    invoked from within
"run_verilator_step"} -errorline 1
[INFO]: Saving current set of views in '../home/anirudhravi/Elevator_tapeout/openlane/user_proj_pes_elevator/runs/23_11_24_23_50/results/final'...
[INFO]: Generating final set of reports...
[INFO]: Created manufacturability report at '../home/anirudhravi/Elevator_tapeout/openlane/user_proj_pes_elevator/runs/23_11_24_23_50/reports/manufacturability.rpt'.
[INFO]: Created metrics report at '../home/anirudhravi/Elevator_tapeout/openlane/user_proj_pes_elevator/runs/23_11_24_23_50/reports/metrics.csv'.
[INFO]: Saving runtime environment...
[ERROR]: Flow failed.
